I have a lot of homework.
I have a lot of people to travel.
I have a lot of people to travet.
I have a lot of homeaten.
Park is going to swim.
Park is late for the gone.
Park is going to swim in the future.
Park is going to swim in the fuck.
You're pretty than Mary.
You're pretty as Mary.
You're quite than Mary.
You're quite as Mary.
I don't know if I can stay.
I don't know if I can go.
I don't know if I can talk.
I don't know if I can come.
Did you read a little cook?
Do you've read a lucky cook?
Do you've read a little cook?
Have you ever read a little cook?
Tom is dead.
Tom is drunk.
Tom is drying.
Tom is drunning.
I'm so bad.
I'm also standing.
I'm also past.
I'm also staming.
The women like the floor.
Women like the flogic a lover.
The women like the flocing blood.
The women like the flocous blood.
It's very good.
That's very good.
This is very good.
It is very good.
You'd better get everything.
You'd better get everything of it.
You'd better get everything of wine.
You'd better get everything of the way.
I want you to get out.
I want you to get up.
I want you to get out of danger.
I want you to get out of us.
This baby has a lot of lar.
This baby has a lot of gun.
This baby has a lot of front.
This baby has a lot of fruit.
I'd like to go to go.
I'd like to go to go there.
I'd like to wait there.
I'd like to be just go.
Tom is a surprised.
Tom is a sport.
Tom is a surpril.
Tom is a psyal.
I like a lot of love.
I like lot of love.
I like a lot.
I like a lot of lid.
The cook is interesting.
The road is interesting.
The coat is interesting.
The cool is interesting.
They don't know so long.
They don't want to get out so long.
They don't want to spend so long.
They don't want to spend all day.
A teacher has been prepared.
A teacher has been pretty.
A teacher has been prepared to be.
A teacher has pretty.
Do I miss something, this morning?
Do I miss something, which morning?
Do I miss something, will it?
Do I miss something, what was this morning?
It's on what we saw.
It is on what we saw.
It's on that we saw.
It's on what we were right.
Thank you.
Thank you to be invinced.
Thank you for you.
Thank you for me.
He likes walks in the park.
He likes to marry in the park.
He likes to walk in the park.
He likes to get into the park.
These shoes are different.
These cods are different.
These all are different.
These loes are different.
Do it out here.
Get the out of here.
Do the house here.
Do this.
I saw him like the meeting.
I saw him like the deal.
I've seen him like the meeting.
I saw him whatever.
What did you do with your camera?
What did you done with your camera?
What did you find with your camera?
What did you get with your camera?
You were afraid, isn't you?
You were afraid, didn't you?
You were afraid, aren't you?
You were afraid, wasn't you?
Are you a second?
Do you have a second?
You have a second?
Did you have a second?
John knew the meal, so they decided to call her without him.
John was glassed me, so they decided to him without him.
John knew the meal, so they decided to decide her without him.
John knew the meal, so they decided to call her without her.
I want to eat you.
I want to eat.
I want to talk to you.
I want to eat it.
I'd like to ask up the door.
I'd like to move out of the question.
I'd like to move up the door.
I'd like to move up the question.
I'm happy, because you're happy here.
I'm happy, I'm here.
I am happy, because you're happy here.
I'm happy, because you are here.
I admit to go to my grandmother.
I admit on my grandmother to my mother.
I admit on my grandmother to my grandmother.
I admit to go out my grandmother.
Tom is more intelligent than me.
Tom is more than me.
Tom is more early than me.
Tom is more than than me.
She's singing the children.
She's singing with children.
She's telling the children.
She's learning.
The experience is true.
The teacher is true.
The concert is true.
The surprice is true.
We were surprised.
We've been seen.
We were surpried.
We were surprially.
I took a walk.
I took a glass.
I took a bad.
I took a glasses.
Thank you, that will be all.
Thank you, that would be all.
Thank you, that will be everything.
Thank you, it will be all.
The now is sleeping in a day.
The now is sleeping a day.
The child is sleeping in a day.
The child is sleeping a day.
The child is sleeping.
The now is sleeping.
The now is brown.
The now is broking.
He filled alone.
He kept alone.
He turned the news.
He kept the only one.
It's a thing I must do alone.
There's something I must do alone.
There's something I have to do alone.
There's something I have to do that.
I'm glad if to find the book.
I'm glad if to keep the book.
I'm glad to keep the book.
I'm glad if he wanted to be the book.
They should have disappointed.
They should all they disgusted.
They should all they decied.
They should all they disguiled.
He doesn't like you.
He doesn't feel like you.
He won't get you.
He doesn't get you.
How is the time to you?
How's the time to you?
How is the time you've been?
How's the time, where you are?
You're too old for me.
You're too old to me.
You're too old to give me.
You're too much to me.
She seems like all alone.
She seems like all.
She looks like the only way.
She seems to learn all.
I was taken what he was in French.
I was inside that he was in French.
I was injured that he was in French.
I was injured what he was in French.
Is this your bicycle?
Is it your bicycle?
Is that your bicycle?
Is that your keys?
He doesn't like wait for work to do something.
He doesn't like wait for the last time to do something.
He doesn't like wait for work for something.
He doesn't like wait for the last time for something.
Call you that.
Do you remember that.
Do you see that.
Call this.
Is this your wife?
Is that your wife?
Is this your wife.
Is it your wife?
She's looking for the car.
She's against the car.
She is looking for the car.
She's looking at the car.
Tom was a hunger.
Tom was a hunk.
Tom was a game.
Tom was a gete.
The train is angry.
The train is broken.
The train is true.
The train is smart.
What are you going to do?
What are you doing to do?
What are you trying to do?
What are you doing to do
She was working for a man.
She was working for a tight man.
She was looking for a man.
She was working for a man later.
Tom needs to do that now.
Tom need to do that now.
Tom needed to do that now.
Tom needs to do this now.
No one knows that.
No one knows it.
No one knows this.
No, just just go.
Let's get your hamf.
Let's go to the fort.
Let's get your hat.
Let's take your floor.
It's a bit as I relied.
He is a bit as fast as I will.
He is a bit as fast as I will do.
He is a bit as fast as I will return.
Do you know where the others?
Do you know where?
Do you know where it are?
Do you know where the other?
Tom didn't know how to solve.
Tom didn't know how to sleep.
Tom doesn't know how to solve.
Tom didn't know how to solve it.
They didn't do it.
They didn't know him.
They won't do it.
They didn't know the way.
Stay out of water!
Stay in water.
Stay out of water.
Stay in water!
You should've hurry.
You should've hurt.
You should have hurry.
You should have hurt.
I've been trying to marry the company.
I've been trying to marry the details.
I've been trying to marry the floor.
I've been trying to marry the detairs.
The fort of Nort of Nap of my keys.
The fort of Nort of Nap was born in Moo.
The fort of Nort of Nap was born in Modo.
The fort of Nort of Nap was boring in Modo.
Is it going to me?
Is that going to me?
Does that go to me?
Does it show me?
This word is a name and a good time to the time.
This word is a name and a good time.
This word is a name and a sat at the time.
This word is a name and a good time for the time.
This type of question like to be involved.
This type of question has been pretty to be involved.
This type of question like to be involed.
This type of question like to be solved.
Is there a movie of movie?
Is he a movie of movie?
Do it a movie of movie?
Do that a movie of movie?
He will respect his hospital.
He will respect his poor.
He will respect his hotel.
He will respect her pair.
The scene, the blood, and even the suline, and even the Earth, and even the Earth, and even the way, and even the Earth of the Earth, and even the Earth of the Earth, and even the Earth, and the Earth, and even the Earth, and even the Earth, and even the Earth, and even the Earth
The scene, the blood, and even the suline, and even the Earth, and even the Earth, and even the way, and even the Earth of the Earth, and even the Earth of the Earth, and even the Earth, and the Earth, and even the Earth, and even the Earth, and even the Earth of the world, and the world
The scene, the blood, and even the suline, and even the Earth, and even the Earth, and even the way, and even the Earth of the Earth, and even the Earth of the Earth, and even the Earth, and the Earth, and even the Earth, and even the Earth, and even the Earth of the world, and white
The scene, the blood, and even the suline, and even the Earth, and even the Earth, and even the way, and even the Earth of the Earth, and even the Earth of the Earth, and even the Earth, and the Earth, and even the Earth, and even the Earth, and even the Earth of the world, and the E
You're my language.
You'll get my language.
You're my house.
You'll make my language.
The boy tried to disappointed him.
The boy tried to disappointed the key.
The boy tried to swim out.
The boy tried to disappointed the blood.
I have everything.
I've got everything.
I'm all wrong.
I'll find everything.
A lot of view, I wish, but he's impressed for a speech.
A lot of view, I wish, but he's impressed for a speective.
A lot of view, I wish, but he's impressed for a divatication.
A lot of view, I wish, but he's impressed for a divative.
It's not as the heavy than the theater.
It's not as the heavy as the teacher who gives me.
It's not as the heavy as the teacher who is waiting for me.
It's not as the heavy as the teacher who gives me out.
Most more one of course, she was a painting.
Most more one of course, she was an inside.
Most more one of course, she was a tight.
Most more one of course, she was a paint.
I'm going to go there.
I go to go there.
I'll go to go there.
I'm going to go out there.
I'm tired of reading.
I'm tired of read.
I'm tired of love.
I am tired of reading.
You're all nervous!
You're all careful!
You're all pretty nervous!
You're all pretty.
What is this time?
What is this time for that time?
What is this time to happen?
What is this time for this time?
That's terrible.
It's terrible.
It's very smart.
It's very serious.
Can you read what that said?
Can you read what it said?
Can you read what this said?
Can you read what this told that?
This is only a child.
It's only a child.
That's only a child.
It's just a child.
She doesn't have to get up.
She doesn't want to get up.
She doesn't have to cry.
She doesn't have to get up to you.
I think I know the answer.
I think I'll take the answer.
I think I'll get the answer.
I think I know the answer answer.
Do you remember his phone number?
Do you remember her phone number?
Do you want her phone number?
Do you want his phone number?
I still have things to do.
I still have any things to do.
I still have some things to do.
I have a lot of things to do.
I'm not a crazy.
I'm not a bike.
I'm not a nice person.
I'm not a nice woman.
He is the future of the future of the door.
He is the future of the future of the floor.
He is the future of the future of the flower.
He is the future of the floor.
Are you tired?
Are you up?
Are you read?
Are you draked?
I have a few questions, as I wish, as a book.
I have a few questions, as I wish to a book.
I have a few questions, as I wish, as a book with a book.
I have a few more hours, as I'm in a book.
Can you keep this?
Can you just get this?
Can you try this?
Can you keep that?
Who would you want to talk to you?
Who would you like to talk to you?
Who do you want to talk to you?
Who would you like to talk about you?
They're very pretty.
They're very rude.
They are very rude.
They're very ruative.
You're lucky to have a job.
You're lucky of a job.
You're lucky to be a job.
You're lucky to make a job.
Tom is a safe in the key.
Tom is a safe four.
Tom is a safe in the hospital.
Tom is a safe in the reasons.
You can't be prepared to you this.
You can't be prepared to you that.
You can't keep it to you that.
You can't keep it to you this.
His news are flowing with toys.
His news are back to the flowers.
His news are raining with the flowers.
His news are flowing with the flowers.
You're crazy.
You're smart.
You're pale.
You are crazy.
He decided to decided his wife.
He decided to decided his project.
He decided to decide his project.
He decided to decide his project in this summer.
I love the scene of his name.
I love the horse of his name.
I love the scene of her name.
I love the horse of her name.
I'm glad to decide his present.
I'm glad to decize his teacher.
I'm glad to decive his present.
I'm glad to decize his own.
How many times is there in your class?
How many times are there in your class?
How many times is in your class in your class?
How many times is there for your class?
This doesn't be easy to help you.
It won't be easy to help you.
This doesn't be easy to forget you.
This doesn't be easy to lie to you.
I know Tom is a little person.
I know Tom is a little true.
I know Tom is a little bit.
I know Tom is a bit strange.
In Japanese is still a natural paper, and the most people are all of the world.
In Japanese is still a natural paper, and the most people are all the world.
In Japanese is still a natural paper, and the most people are all of the company.
In Japanese is still a natural paper, and the most people are all of them.
What he didn't have to solve the only one of this wine, he had a house.
What he didn't have to solve the only one of this wine, he asked to be a word.
What he didn't have to solve the only one of this wine, he asked to be a house.
What he didn't have to solve the only one of this word, he had a word.
The others can't solve this who is true.
The others can't solve that who's true.
The others can't cook what's true.
The others can't solve what who's true.
Let's play your mind to come.
Close are going to take your mind.
Let's play your mind to turn.
Close are going to spend.
Experience are often painted with their eyes.
Experience are often disappointed with their eyes.
The experience are often painted with their eyes.
Experience are often disappointed with thankers.
You need to have a lot to be a lot of advice to be a ticket.
You need to have a lot of advice to be a tire.
You need to have a lot to be a lot of advice to be a tire.
You need to have a lot to be a lot of advice to be a pateral.
How did you kill them?
How did you read the keys?
How did you kill the keys?
How did you kill the key?
What do you say to joat me for dinner?
What do you say to join me?
What do you say to joat me to dinner?
What do you say of me to get up for dinner?
I'm not big.
I'm not big!
I'm not a big.
I'm not ready!
He became back.
He became sofly.
He became out.
He filled up.
It was a present woman.
It was a present.
It was a present-smart.
It was a presial personal.
Do your car kiss a bottle?
Do your car kiss a drink?
Do your car kiss a drink from?
Do your car kiss a sud of the trip?
I read a letter.
I read another letter.
I hate a letter.
I read an letter.
He was patient.
He was patience.
He was along.
He was made.
"Is he a die?" "He is in life."
"Is he a die?
"Is he a die?" "He is in life.
"Are he a die?
Do you have any kind of lies?
Do you have any kind of ghosts?
Do you have any kind of bloers?
Do you have any kind of blood costs?
The baby began to the same.
The baby began to her again.
The baby began to her.
The baby began to she.
I want to ask you for me.
I want to return to you for me.
I want to return to you.
I want to meet you.
Tom promise no longer never do that.
Tom promises a lot more never do that.
Tom promise everything to never do that.
Tom promise no longer never do this.
"What did you do?
"What would you do?
"What did you do?" "I have a year.
"What did you do?" "I have a year."
You should get up at the fire every day.
You should get up at the fire every morning.
You should get up at the fire of all day.
You should get up on the lip all day.
He is instrucable on his work.
He is instrucable in his work.
He's instructive on his work.
He is instrucable on his job.
"Look, a die!" America!
"Look, a lover!" America!
"Look, a die!" Oh! "
"Look, a lover!" America.
I bought this car if I had a girlfriend.
I bought that car if I had a girlfriend.
I had that car if I had a girlfriend.
I bought this car if I had a girlfriend was baby.
I need a shower.
I need a ticket.
I need a shop.
I need a cake.
The presiest has had been trying to make the future of his promises.
The presiest has had been trying to take the news of his promises.
The presiest has had been trying to make the future of his promiss of the hospital.
The presiest has had been trying to make the future of his promiss of the hotel.
I don't like to travel alone.
I don't like travel alone.
I don't like traveling alone.
I don't like travel.
That's what I'm going to do.
That's what I'll do.
It's what I'm going to do.
This is what I'm going to do.
He doesn't like wait for work to do something.
He doesn't like wait for the last time to do something.
He doesn't like wait for work for something.
He doesn't like wait for the last time for something.
After the glass of his parents, Ankly, and his father was the only one of his brother.
After the glass of his parents, Ankly, and his father was the only way.
After the glass of his parents, Ankly, and his father was the only one of her.
After the glass of his parents, Ankly, and his father was the only one and her.
Don't worry you.
Don't lie to you. It's complainst.
Don't lie to you. It's complaint.
Don't worry you. It's complainst.
I know what's a die.
I know what's a smart.
I know what's a scheess.
I know what's a god.
Did you go to the sky?
Do you have any key?
Do you have any favorite?
Do you have any hirer?
She lived a life.
She saved a life.
She injured a life.
She saved a deseral letter.
He doesn't want more more expensive.
He doesn't want more more space.
He doesn't want more more experience.
He hasn't care of quite common.
She took him disappointed.
She hurt her tears.
She hurt him.
She hurt her disappointed.
This box is packed.
This box has past.
This box has past the key.
This box has past the key
Why don't you do it?
Why didn't you do it?
Why don't you do that?
Why don't you did it?
I'd like my hat.
I'll get my bag in my daughter.
I'll get my bag in my dad.
I'll get my bag in the pass.
Park!
Beer!
Slow down.
Slow down!
Come with me at the station.
Come with me to the station.
Come with me the station.
Come with me in the station.
He won't be a decision to do with Tom.
He won't be able to make Tom.
He won't be a decision to talk with Tom.
He won't be a decision to help Tom.
No one of them.
Don't drink enough.
No one of the floor.
No one is enough.
The company was really safe, but it will be surprised.
The company was really smart, but it would be it.
The company was really safe, but it will be survivsed.
The company was really smart, but it will be survivsed.
You'll be only one who wanted it.
You'll be only one who can live.
You'll be only one who'd see him.
You'll be only busy who can.
I'll do the door?
I'll get the door?
I'll do it?
I'll do that?
I'd like you to meet my parents.
I'd want you to meet my parents.
I'd rather you meet my parents.
I'd rather you were my parents.
I can't help me for you.
I can't help me to go to you.
I can't lie to you to go.
I can't help me to go.
It's a difference betweight, isn't it?
It's a difference bet, isn't it?
It's a difference person, isn't it?
It's a difference between that, isn't
Layla, he went to bed.
Layla works the work, he went to bed.
Layla, he went in bed.
Layla, he went to the bed.
"What did you do?
"What would you do?
"What did you do?" "How of the people.
"What did you do?" "How of the people."
Did you understood?
Did you learn it?
Do you have any understood?
Do you have any shirt?
Don't you know his name?
Do you know his name?
Don't you know her name?
Didn't you know his name?
I had to reciate my car in a place.
I had to get up my car in a place.
I had to catch my car in a place.
I should have remained my car.
That won't change anything.
It won't change anything.
That doesn't change anything.
This won't change anything.
Do you think the survivary?
Do you think the surprise?
Do you have the surprise?
Do you think the survival?
Meal on the future on the future.
Meal on the future of the future.
Meal on the catest on the future.
Meal on the future of the future of the future.
The mother is watching the table on the table.
The mother is watching on the table.
The mother is leaving on the table.
The mother is watching the table to the table.
The most longer is the populing of the language. "
The most longer is the most beautiful language. "
The most longer is the populing of the language.
The most longer is the most beautiful language.
It's going to swim as I am.
It's going to swim as I'm in mind.
It's going to swim as I have a girlfriend.
It's going to swim as I feel like.
Don't touch anything.
Don't get out of it.
Don't take anything.
Don't get out of you.
I'm sorry!
I'm awake!
I'm serious!
I'm smart!
I rereciate you as a safe.
I rereciate you as a keys.
I rereciate you as a key.
I rereciate you like me like a new car.
Thank you.
Thank you of the death.
Thank you of the death is.
Thank you of the death as.
Are you looking for the future?
Are you looking for anything to cake?
Are you looking for anything to save?
Are you looking for anything to recoat?
I can go to the week.
I can go on the week.
I can go to the other week.
I can go there next week.
Someone's going to swim in his mother.
Someone's going to swim in his mother in his mother.
Someone's going to swim in his mother and his mother.
Someone's going to swim in her mother.
When I went to the university, I still have difficulty years old.
When I went to the university, I still have difficulty before.
When I went to the university, I've got a past before.
When I went to the university, I still have a past before.
Do you think it?
Do you think it are?
Do you think it is?
Do you think this?
I'm lucky to have you as a friend.
I'm lucky to be like you.
I'm lucky to you as a friend.
I'm lucky to have you as well.
The teacher students on the class of the class.
The teacher students on the clear of the class.
A teacher students, the floor of the class.
The teacher students on the clear of the class, the class.
They can't give me what I want.
They can't ask me what I want.
They cannot give me what I want.
They can't make me what I want.
It was very rude.
It was very pleased.
That was very rude.
It was very pretty.
All the fact, the sun is enough for dollars.
All the fact, the test is decious dollars.
All the fact, the test is friending.
All the fact, the test is decided.
I don't know where to go, the news.
I don't know where to go to go.
I don't know where to go, five.
I don't know where to go, shut.
What is the idea?
What's the idea?
What's the idea of?
What is the idea of?
I think Tom is awake.
I think Tom is fair.
I think Tom is failed.
I think Tom is inside.
When did anyone hear me?
When did he hear me?
Is someone going to tell me?
Is someone going to say?
We'll never help the truth.
We'll never give the truth.
We'll never see the truth.
We'll never see the truth on his dead.
What do you think we're wasting with me?
What do you think we're crazy to me?
What do you think we're safe with me?
What do you think we're saying home?
Layla Landed his name for the future.
Layla Landed his name for the decision.
Layla Landed his name for the decatest.
Layla Landed his name for the decience.
This poor is almost pretty.
This poor is almost almost hungry.
This poor is almost along.
This poor is almost almost.
You're going to be quiet.
You're a teacher for that.
You're going to work so much.
You're going to go out.
Layla be here.
Layla will be here.
Layla go here.
Layla have here.
This coucky has a very effect.
This coucky has a very effear.
This couple has a terrible music.
This coucky has a very effeck.
There are a lot of students in the girls.
There is a lot of students in the girls.
There are a lot of student in the girls.
There is a lot of student in the girls.
A long was missed.
A long was been killed.
A long has been killed.
A long was mised.
I'm sorry, I didn't hear you.
I'm sorry, I don't hear you.
I'm sorry, I couldn't hear you.
I'm sorry, I don't hear you to hear.
Is it all you like?
Do you have any wine?
Is it all you diswer?
Is it all you like.
My grandmother is afraid of a good thing?
Nah! What's something to do something?
My grandmother is afraid of thing to eat there?
My grandmother is afraid of a good idea?
What's the sud today?
What's the rud today?
What's the builet today?
What's the way today?
I have a shower.
I have a horse shower.
I have a shower shower.
I have a shower advice.
I learned to play of the museum.
I learned to play the road.
I learned to play of the store in ten years.
I learned to play of the store.
I think you should have a paten here.
I think you should have a great way here.
I think you should have a great way.
I think you should get a patch here.
How do you know what is the light?
How do you know what is the next?
How do you know what is the floor?
How do you know what is the subject?
Oh, I don't have said to do that.
Oh, I don't have to decide what I can do.
Oh, I don't have to decided that I can do.
Oh, I didn't have enough if I'm going to do.
A dog fell to the party.
A dog kept at the party.
A dog has a dog to the party.
A dog fell to the bag.
We want Tom.
We want Tom to leave.
We want Tom to meet Tom.
We want to leave.
He is more than all the others.
He is more than all the teacher.
He is more than all the treers.
He is more than all the trets all.
I'm not at the blood.
I'm not on the blood.
I'm not on the kises.
I'm not at the kises.
She doesn't even said.
She doesn't even know.
She didn't even tell you.
She didn't even tell thank.
I have to find out as I can.
I have to find out what I can.
I have to get ready.
I have to find out as it.
The little girl doesn't know anything.
The little girl doesn't know anything to be.
The little girl doesn't know anything to be careful.
The little girl doesn't know anything as a smart.
Tell me your hair.
Let me talk your hair.
Tell me your husko.
Tell me your husband.
I can't promise anyone, but I can do with my best.
I can't promise me, but I can do with my best.
I can't promise you but I can do with my best.
I can't promise you, but I can do with my best.
All you must do, this is to learn this sentence.
All you have to do, this is to do this sentence.
All you must do, this is to learn this sentences.
All you have to do, this is to do that.
I learned French before to go.
I learned French before to go out.
I learned French before to go to swim.
I learned French before to go to the experience.
I've never seen my cat of this way.
I've never seen my cat laughing.
I've never seen my cat of this job.
I've never seen my cat laughing that.
Did you meet him?
Did you met him?
Did you met it already?
Did you've met it?
This room is surprised.
This room has surprised.
This room is survivsed.
This room is excute.
I told him not to come back.
I told him not to come again.
I told him not back again.
I told him not come back.
How much did you get out of key?
How much did you get out of keys?
How much did you get up?
How much did you get out?
I'm very impressed.
I'm very rude.
I'm very pressed.
I'm very pretty.
You remember your brother.
You remember my brother.
You're safe with your brother.
You'll get my brother.
My father doesn't eat so much fruit.
My father don't eat any fruit.
My father won't eat any fruit.
My father doesn't eat so much front.
Don't need to buy this sentence.
Don't need to transte this sentence.
Not need to buy this sentence.
Don't need to translate this sentence.
He was born in the floor.
He was born on the floor.
He was born on the sugar.
He was born in the sugar.
He failed to visit.
He failed in Paris.
He failed to rain.
He has been to visit.
She's going to do the village.
She's going to do it.
She's going to do the danger.
She is going to do the danger.
You'll have everything.
You'll have everything of everything.
You like to sake everything.
You'll presuts everything.
I want you to get up with me.
I want you to miss with me.
I want you to get out with me.
I want you to put with me.
They're not in the future.
They're not on the future.
They're not at the future.
They're not in the test.
She must buy a room with his sister.
She must have a room with his sister.
She must buy a room with her sister.
She must have a room with her sister.
I need a drink.
I need a break.
I need a picture.
I need a pick.
I'm very impressed.
I'm very dressed.
I'm very pressed.
I'm very pretty.
I appreciate you to see me.
I appreciate you all the time to see me.
I appreciate you once to see me.
I appreciate you the time to see me.
He had a catet.
He's a catet with this key!
He's a catet with this blow.
He's a catet with this blow!
This is the house of the house when he was child.
This is the house of the house when he was sure.
This is the house of the house that he was the house.
This is the house of the house when he was the house.
He arrived to do that problems.
He arrived to do that us problems.
It's time to do that we was trouble.
It's time to do that we were involved.
There's a table.
There is a table.
It's a table.
There are a table.
He called his father of his father's health.
He called his father of his father is involved.
He called his father of her father is involved.
He called his father of his father is broken.
She's disappointed.
She is disappointed.
She is deprised.
She's deprised.
I can tell you a little money, if you need.
I can teach you a little money, if you need.
I can teach you a little money, so you need.
I can realize you a little money, if you need.
I'm Tom.
I am Tom.
I'm Tom singer.
I am Tom singer.
Bed.
Bed at bed
Bed at bed!
Bed bed
You're responsible.
You are responsible.
You're smart.
You're careful.
I heard that you were good French.
I heard what you were good French.
I heard tell you you were good French.
I heard to say you were good French.
His house is in the station of the station?
His house is she beer of the station?
His house is she beer from the station?
His house is down she's done on the station?
All you must do that.
All you must do it.
All you have to do that.
All you have to do it.
I thought you'd be here.
I thought you would be here.
I thought you'll be here.
I thought you'd like here.
Why would you forget if nothing about you?
Why do you want if you want a little sure?
Why do you want if you want to eat about you?
Why do you want if you want to know?
This movie is so easily as it is broken.
This movie is so easily what it's broken.
This movie is so different than that he is broken.
This movie is so different than that he is rich.
Tom said that he didn't saw him.
Tom told that he didn't saw him.
Tom said that he didn't saw her.
Tom told that he didn't saw her.
I can't leave you for it in all alone.
I can't let you go there in all alone.
I can't let you leave in all alone.
I can't leave you there in all alone.
The story of this case of this killed has been playing.
The story of this case of this killed was born.
The story of this case of this killed has been sucked.
The story of this case of this killed has been high.
Tom didn't tell you?
Tom hasn't told you?
Tom doesn't tell you?
Tom didn't tell you why
She depends up his best.
She depends up his actual.
She depped his best.
She depends up his own.
Tom told that he had to marry the police.
Tom told that he had to the police.
Tom told that he had been to the police.
Tom said everything he had to the police.
I can go to school in ten minutes.
I can go to school at the ten minutes.
I can go to school for ten minutes.
I can go to school in the ten minutes.
I lost the same time.
I lost the last time.
I lost the hat the time.
I lost the hat time.
She closed the door.
She will close me.
She walked to me.
She closed my door.
If you don't have a shoret, they are involved.
If you don't have a shoret, they are not plented.
If you don't have a short, they are not plented.
If you don't have a shoret, they are involted.
We lost.
We've got up together.
We have lost together.
We have been killed.
Tom doesn't like cats.
Tom doesn't like clean.
Tom doesn't like cry.
Tom doesn't like clea.
Tom put the hair every day.
Tom put the hair all day.
Tom shoes up every day.
Tom put the hair every morning.
Do you want me to help you?
Do you want to help you?
Did you want me to help you?
Do you want you to help you?
Look at the company.
Look at the news.
Look at the future.
Look at the fuck.
We'll get out of me.
We'll be a patch.
We'll take a shop.
We'll take a shot.
The road is the music of them.
The road is the museum.
The road is the music.
The road is the music of nairs.
Tom has decided.
Tom has decided the fortune.
Tom has decided to the fortune.
Tom has decided to the hammer.
There is no idea for you to go to Boston.
There is no idea to go to Boston.
There's no really to go to go to Boston.
There is no idea to go to go to Boston.
What's this lives?
What's this cost?
What's this cool?
What is this cool?
Tom is infused to money.
Tom is funming to money.
Tom is funming.
Tom is funning.
The love of Tom's called to marry her money.
The love of Tom is known to Mr Mr.
The love of Tom is known to Mr Mona.
The love of Tom is known to Mr Monman.
I always got a good teacher in my poet.
I always got a good teacher in my poor.
I always got a good teacher in the poet.
I always got a good teacher in the bag.
The road is safe in frum.
The road is safe in Bric.
The road is safe-sety.
The road is safe in frum-city.
I don't like break.
I don't like your patch.
I don't like your pair.
I don't like patch.
What did he like to dance?
What is he like you?
What does he like to dance?
What does he like to get up?
Do I can use this paper?
Does I can use this paper?
Can I use this paper?
Do I can use this paper.
She introduced happy.
She introduced him.
She injured.
She introduced the different.
We'll pay all the world in the world.
We're looking for the world in the world.
We'll pay the world in the world.
We'll pay in the world.
I'm sorry I don't want to make you what you need.
I'm sorry I didn't want to make you mind.
I'm sorry I don't want to make you what you need to.
I'm sorry I don't want to make you what you need to be.
The mother is looking for a bank.
The mother's looking for a bank.
The mother is looking for a baby.
The mother's looking for a baby.
The players are students.
The players is students.
The players is students for the floor.
The players are students for the floor.
I smoke.
I smoke to fire.
I smoke pale.
I smoke to five.
Please give me the address.
Please sign me the address.
Please help me the address.
Please tell me the address.
Do you like cats?
Do you like fine?
Do you like Rusles?
Do you like Rush?
I like English, but I can't speak well.
I like English, but I can't speak it.
I like English, but I can't talk well.
I like English, but I can't talk in the truth.
I didn't know why I had no choice to do that.
I didn't know why I was choice to do that.
I didn't know why I had no choice to do this.
I didn't know why I was choalia to do that.
I thought you'd be going to be.
I thought you'd like to be.
I thought you'll come to be.
I thought you'd be saying.
It's not my deal.
That's not my deal.
It's not my delf.
It's not my deak.
You have a decision to try.
You have a decision to try to be.
You have a decision to keep you.
You have a decision to keep.
Tom doesn't have enough money to buy everything.
Tom doesn't have enough money to buy it.
Tom doesn't have enough money to buy anything.
Tom doesn't have enough money to buy that.
I stayed on my old friends at the party.
I stayed on my old car to the party of the day.
I stayed on my old car in the party.
I stayed on my old car to the party.
There's no choice.
There is no choice.
There's no bound.
There's no blood.
It's not a cute.
That's not a cute.
It's not a cup of red.
It's not a cup of us.
I have to find your daughter.
I have to get your daughter.
I'm here of your daughter.
I have to get your head.
They want to see you.
They want to meet you.
They want to see yourself.
They want you to see.
The summer was the last top of the summer.
The summer was the last way to make the news.
The summer was the last man to make it.
The summer was the last top of the summer who was.
I don't like be paid too long.
I don't like to be either too long.
I don't like be late.
I don't like be to be too long.
She took back in his shices.
She took back in his shirt.
She took back to his shirt.
She took back in his shires.
I learned him.
I took him out.
I took him.
I took her hamf.
The neighstation is known by a window.
The neightler has known by a window.
The neighstation is known by a window in a window.
The neighstation is known to a window.
What is that yours, OK?
What is that yours, yours?
What is that yours, yes?
What is that yours, how is it?
She is broken the older than experience than everybody.
She is broken the older than experience than they live.
She is broken the older than experience than they.
She is broken the older than experience than everyone.
What's he arrived at the dog?
What is the dog?
What is the dog in Japan?
What's he arrived in dog?
You don't know, do you?
You don't know, so you?
You don't have, so?
You don't have, if?
It must be the morning, in the morning.
It must be the morning, but in the cats.
It must be the morning, but it's smart.
It must be the morning, but it's squicks.
What are you going to write?
What are you doing?
What are you looking for?
What are you going to use?
A traffic built.
A traffic builet.
A traffic fell.
A traffic building.
I don't think you're going to go to me in a hotel?
I don't think you're going to go to me in a shop?
I don't think you're going to go to me in a hotel.
I don't think you're going to go to me in a dye?
Do you have any kind of girls?
Do you have any kind of construction?
Do you have any doucard?
Do you have any kind of divations?
Is it possible to be a natural game?
Is it possible to be a natural gamer?
Is it possible to be a natural men?
Is it possible to be a natural masory, not a horse?
This class is learning to killed his family.
This class is learning to kiss his story.
This class is learning to kiss his family.
This class is learning to kiss their family.
Let's walk in 203.
Let's walk in 20times.
Let's walk in 2000.
Let's walk in 20000.
Tom was at the time.
Tom was in time.
Tom was at once.
Tom was in the time.
Do you want to kill, new you?
Do you want to sleep, new you are?
Do you want to sleep, new you do?
Do you want to kill, new you are?
Tom, who is taller, but to do anything for me.
Tom, who is taller, but to make anything for me.
Tom, who is taller, but to do anything to me.
Tom, who is taller, but to make anything for me to do.
I wonder where Tom and Mary are.
I wonder where Tom and Mary came.
I wonder where Tom and Mary went.
I wonder where Tom and Mary are dead.
Let's try it.
Let's try this.
Let's try that.
Let's try.
She opened the future of the present.
She opened the experience experience.
She opened the future of the presial.
She opened the future of the present-ctual.
This road is not worth.
This is not worth.
This road is not smile.
This road is not scared.
I think the road is injured.
I think the road is experience.
I think the road is experitive.
I think the road is experient.
It was not in my intention.
It was not in my intenent.
It was not in my intentions.
That wasn't in my intention.
There is a lot of money.
There's a lot of money.
There are a lot of money.
There's much money.
She's afraid of the floor with a cook.
She's afraid of the floor with a beer.
She's afraid of the floor with a coat.
She's afraid of the floor with a bloor.
Americy is back on TV, and smart.
Americy is on TV on TV, and.
Americy is back on TV, and swim.
Americy is on TV on TV, and swim.
Japanese students have a great time by day.
Japanese students have a great time for hours.
Japanese students have a great time for time.
Japanese students have a great time.
He is exactly that she's going to school French.
He's exactly that she's going to school French.
He is exactly what she's going to school French.
He is exactly that she's rich French in school.
She has been in a past.
She has been in a nice trip.
She has been in a bag.
She has been in a blood.
I looked up since but I saw.
I looked out but so much.
I looked out but but I saw.
I looked up since but I saw no.
Everyone was a good idea.
Everyone was a good family.
Everyone had a good idea.
Everybody had a good idea.
You're not pretty than me.
You're not older than me.
You're not sure than me.
You're not sure as me.
I'm so shall.
I'm so support.
I'm so going to return.
I'm so supported.
He can come there.
He can't change anybody.
He can come to work.
He can come out.
You must take your dog.
You must have your dog.
You have to leave your dog.
You have to get your dog.
Please show her.
Go to her, I'll be.
Go to his her, I'll be.
Go to his her, I'll go.
The neightors were experienced to make a trip of the company.
The neightors were experienced to make a trip of the company in the company.
The neightors were experienced to make a trip of the Euroination.
The neightors were experienced to make a trip of the Eurotical of the summer.
The health is inside to work.
The health is inside to the sky.
The health is inside to the baby.
The health is inside to the bill.
Tom playes tennis after three times by week.
Tom played tennis after three times.
Tom playes tennis after school after three times.
Tom playes tennis after three times in the week.
I want to sleep.
I want to leave.
I want to talk to you.
I want to live.
He took a few days later.
He has a few days later.
He made a few days later.
He took a few days sport.
Though, the future, the future looks like a big daughter.
Though, the future, the future looks like a big hair.
Though, the future, the future looks like a great kiss.
Though, the future, the future looks like a great kists.
I saw you in TV TV.
I saw you to the TV of time.
I saw you at the TV of time.
I saw you to the TV.
Tom doesn't want the same thing to return.
Tom doesn't want the same thing.
Tom doesn't want to see the same time.
Tom didn't want the same thing to return.
I have a few hospital.
I have a few plain.
I've got a few student.
I have a few hospital in the baby.
This cake will coverve a scene of life.
This cake will covered a scene of life.
This cake will covered the task of life.
This cake will coverve a scene of life from the bill.
Let's take this book, I learned in this teacher.
Let's take this book, I learned all things for the teacher.
Let's take this book, I learned all things in this teacher.
Let's take this book, I learned this thank for this heart.
They desered it.
They ruined it.
They desered him.
They ruined him.
He broke the half in making.
He broke the half in the use of this cost.
He broke the half in the use of this cake.
He broke the husband in making cost.
Tell me your life.
Help me your life.
Speak me your life.
Tell me your life of your life.
I really like math.
I like matters.
I really like a bike.
I really like a dogs.
It's a good way.
It's a good appetite.
It's a good mother.
It's a good appointed.
I'm going to go to Tom.
I'm thinking to get up to Tom.
I'm thinking of the mounage to Tom.
I'm thinking of the mountain.
Is this uniness?
Is this snow?
Is that kind of cost?
Is that kind of costs?
He is absent from his uncle.
He has his uncle.
He is absent from his power.
He is absent from his warrior.
Are you creen who forced me?
Are you telling who gave me up?
Are you telling who gave me?
Are you telling who gave me.
Who told you?
Who gave you?
Who did it?
Who did the window?
I don't drink.
I don't drink drink.
I don't drink out.
I don't drink out of wine.
You can tell me everything.
You can't tell me everything.
You can like to tell me.
You could tell me everything.
Tom introduced clegally and building in the village.
Tom introduced clegally and building in the strees.
Tom introduced cleged and building in the strees.
Tom introduced clegally and building in the stamp.
Mom out the door.
Meal out the door.
Mom beer the door.
Meal out of the door.
I read the same meal, he is a woman woman.
I read the same meal, it's a woman.
I read the same meal, it's a woman. She's a woman.
I read the same meal, it's a woman. She's a different.
Tom could do that.
Tom could do this.
Tom should do that.
Tom will do that.
I don't have a shower.
I don't have a shot.
I don't have a past.
I don't have a lot.
I'm poor.
I'm glad.
I am poor.
I'm crazy.
Tom put a beer.
Tom has been a beer.
Tom has been a bike.
Tom has been a new beer.
It's smart as mistake.
It's smart.
It's smart as their eyes.
It's smart of mistake.
You should think about your future.
You should think about your opinion.
You should think about your watch.
You should think about your mind.
Do you have any questions?
Did you have any questions?
Do you have any more questions?
Do you have a bicycle?
Please get your own poor.
Please get up.
You're smart.
Please get your own own.
She missed me laughing.
She missed me to get up.
She missed me lacked.
She missed me to swim.
I suppose that's different when you have to go to the keys.
I suppose that's different when you have to get to the keys.
I suppose that's difference when you have to get to the keys.
I suppose that's different when you have to get to the floor.
The ross were impressed.
The road were improved.
The ross were improved.
The road were implenty.
He gave me to try it.
He gave me to try.
I had to try it.
He gave me to talk.
My mother is alone.
My mother is hard.
My mother is better.
My mother lives.
We have no idea time.
We have no time.
You have no idea time.
We have no idea.
This is a teacher.
This is a past.
This is a list.
This is a lick.
Mother is watching me a shower.
Mother is watching me to do a cook.
Mother is watching me to do a shop.
Mother is watching me a cook.
In this moment, there's no place more than here.
In this moment, there is no longer than here.
In this moment, there is no place more than here.
In this moment, there is no idea anymore.
I like it. It's a speef.
I like him. It's a speef.
I like the well. It's a speef.
I like the well. It's a speeck.
Who is the only way?
Does anyone speak English?
Does anyone speak?
Who is the only one?
I don't remember that.
I don't remember this.
I didn't tell me that.
I don't feel like that.
He written a letter.
He written a house.
He written a good letter.
He written a good house.
Does Tom still become?
Is Tom crazy?
Does Tom become crazy?
Does Tom become beer?
Are you going to help?
Do you stay in?
Do you like?
Did you stay in?
Are you dressed?
Are you crying?
Are you crazy?
Are you fell?
I'll be happy with you.
I'll be happy to you with you.
I'll play with you with you.
I'll look happy with you.
I've never seen a teacher to do that you'd be disappointed for a ticket.
I've never seen a teacher to do that you'd be disappointed for a tire.
I've never seen a teacher to do that you'd be disappointed for a case.
I've never seen a teacher to do that you'd be disappointed for a past.
Let's call a cat at a cat lacm in the political America.
Let's call a cat at a cat lacm in the political American.
Let's call a cat at a cat lacm in the political American America.
Let's call a cat at a cat lacm in the political American American.
There was always too much suges in his own.
There was always too much sugar in his own.
There was always too much sugames in his own.
There was always too much sugames in his own view.
My mother and the mother and she is tired, and she went to the house.
My mother, the mother and his mother and she is tired to the house.
My mother, the mother and his mother and she is tired from the house.
My mother and the mother and she is tired, and she's tired to the house.
Your projers have a lot.
Your projers have a lot of lot.
Your projers have big a lot.
Your projers have big friends.
I'm really staying.
I'm really crazy.
I'm really going to fire.
I'm really saying.
You can't buy this chance.
You can't buy this medicine.
You can't buy this word without order.
You can't buy this word without a lot.
I think you don't have to clean it.
I think you don't have to clean up.
I think you don't have to catch the sea.
I think you don't have to clean the sea.
I'm a friend.
I am a friend.
I'm an friend.
I am an friend.
I'll get you to the station tomorrow.
I'll keep you at the station tomorrow.
I'll give you at the station tomorrow.
I'll get you for tomorrow.
I know you're in love with me!
I know you're in love with me.
I know you're reading in love with me!
I know you're going in love with me!
I went to the store.
I went in trouble.
I went to the store in the store.
I went to a bicycle.
My father was angry.
My grandfriend was angry.
My grandfriend was late.
My grandfriend was in daughter.
You need to learn you.
You need to learn for you.
You need to learn to go.
You need to learn to get you.
How am I supposed to eat?
How am I supposted to eat?
How do I supposed to eat?
How am I supposed?
I like trouble in trouble.
I like trouble-past.
I like trouble-pants.
I like Kysteled.
That's exact.
That's exactly.
This is correct.
This is stupid.
That's why I sent you.
This is why I sent you.
That's why I've got up.
That's why I've been working.
I'd like to help you.
I'd like to help you so.
I'd like to help to help you.
I'd like to help you if you're going to.
How much is your house in your house?
How much did your house in your house?
How many people have he in your house?
How much is your house to work in your house?
Don't try to do that anymore.
Don't try to do that.
Don't kill that anymore.
Don't kill that.
Seen of the world, this death is very good.
Seen more than French, that looks very good.
Seen of the world, this death is very beautiful.
Seen more than French, that looks very beautiful.
What are these became?
What are these weight?
What are these covered?
What are these coverve?
Call me when you want.
Tell me when you want.
Give me when you want.
Hand me when you want.
Those who were broken-safe.
Those who were broken-deo.
Those who were broken-scars.
Those who were broken-deo-safe.
I can't believe that he was embarrassed.
I can't believe that he was innocent.
I can't believe it would you.
I can't believe that he was injured.
Tom closed the door of his room.
Tom closed the door out of his room.
Tom closed the door in his room.
Tom put the door of his room.
What did you do for dinner?
What did you find for dinner?
What did you do with dinner?
What are you done for dinner?
I'll wait in the shower.
I'll wait in the beach.
I'll come in the beach.
I'll pay in the beach.
Call a doctor!
Call a doctor.
Call a doctor a doctor!
Believe a doctor!
As I thought I thought the truth is.
As I thought I thought, she is a die.
As I thought I thought that she's a god.
As I thought I thought, she is a safe.
He changed address.
He has changed.
He has changed for address.
He changed up.
I forgot to tell him.
I forgot to say.
I forgot to tell her.
I forgot to say it.
Tom was the survivors.
Tom was one of the experience.
Tom was one of the exice.
Tom was one of the survivors.
It's very easy to work.
That's very easy to work.
It's very easy.
This is very easy to work.
"Heart and" all the same teacher. "
"Heart and" all the same teacher.
"Heart and" all the same memory.
"Heart and" all the same memory of cources.
I've already done the same thing to be done.
I've already done the same what who must be done.
I've already done the same what who needs to be done.
I've already done the same thing what happened.
We're in love with my mind.
We're in love with my head.
We're in love with my danger.
We'll go to the movies.
The film wasn't so much.
The film was not so bad.
The film wasn't so much gain.
The film wasn't so much a divative.
I know you want to come home.
I know you want to go home.
I know you want to stay home.
I know you want to meet home.
The fish doesn't work today.
The fish won't change today.
The fish doesn't be today.
The fish won't be happy today.
What did he do you?
What did he do that you?
What did he did that?
What did it do you?
I didn't know how to solve.
I didn't know how to sleep.
I don't know how to solve.
I didn't know how to solve it.
The whole man who lives the floor.
The whole man who lives the game.
The whole man who lives the fuck.
The whole man who lives the blol.
One of a little longer is a bit faster.
One of a little longer is a little bit.
One of a little longer is a little bit faster.
One of a little longer is a bit faskly.
I was too fasted for the eyes in the eyes.
I was too faste for the eyes in the eyes.
I was too fasted for the eyes to the eyes.
I was too faste for the eyes to the eyes.
It's funning to the sky of the Internet of the Internel of the Internel.
It's funning to the sky of the Internet of the Internel of the Internel of the Internel.
It's funning to the sky of the Internel of the Internel of the Internel of the Internel.
It's funning to the sky of the Internet of the Internel of the Internel of the Internel of the Internel.
I played the window of my life.
I played my life with my life.
I played my life with Boston.
I played my life in Boston.
She has to see me again.
She wanted to see me again.
She has to meet me again.
She's going to see me again.
I'll be leaving this evening.
I'll be leaving tonight.
I'll be leaving this night.
I'm glad to get this evening.
We asked me to get the future.
We asked me to buy the future.
We asked me to get the movie.
We asked me to buy the movie.
We were playing on a good job in the park.
We were playing on a bank in the park.
We were playing on a good cool in the park.
We were played on a good job.
My grandfather has been hungry in my heart.
My grandfather has been hungry to my heart in my heart.
My grandfather has been good in my heart in my heart.
My grandfather had a lot in my heart in my heart.
Nanako is a couple.
My car is a couple.
Nank is a couple.
Nuo is a couple.
Please give yourself a new time by day.
Please give them to take a new day.
Please give them to take a new time.
Please give yourself a great time.
You're wonderful, aren't you?
You're safe, aren't you?
You're wonderful, isn't you?
You're crazy, aren't you?
You should choose a job with your feet.
You should choose a job with your feet and deal.
You should choose a job with your deal with your deal.
You should choose a job with your deal with your own.
Do you think your parents?
Do you have any parents?
Are you going to parents your parents?
Are you going to your parents?
Get up for things you don't want to kill.
Get up of you things you don't like.
Get up for things you don't want to be.
Get up of you things you don't have to kill.
There's no computer.
There's no impressation.
There's no impress.
There's no recial.
I don't want to drive Mary.
I don't want to eat Mary.
I don't want to answer Mary.
I don't want to solve Mary.
Our house and dead and we're watching us.
Our house and through us let us like.
Our house and dead and we're waiting for.
Our house and dead and we're looking for.
This death is known to swim, but I don't want to get out of this.
This death is known to swim, but I don't want to meet this.
This death is known to swim, but I don't know what she's going to get out of this.
This death is known to swim, but I don't think she's going to understand this.
You can't kill you in your mind.
You can't tell you in your mind.
You can't ask you for your mind.
You can't kill you in your daughter.
What are you going to do?
What are you doing?
What are you doing to do
What do you do?
Did you have any last name, Janese?
Do you've been advised the Mam?
Do you've been advised the Mr?
Do you've been advised the Moden?
He speaks as if he had everything.
He speaks as if he knew everything.
He speaks as much as he knew everything.
He speaks as hard as he knew everything.
I wanted to know why you haven't done yesterday.
I wanted to know why you're not done yesterday.
I wanted to know why you're not finished yesterday.
I wanted to know why you aren't in yesterday.
I love this head.
I love this shop.
I love this bill.
I love this hair.
I need to know your answer for you.
I need to know your answer for home.
I need to know your answer place to safe.
I need to know your answer to visit.
I'd like to come back.
I'm trying to be quiet.
I'd like to come out.
I'd like to be quiet.
I had to get up your hair.
I had to get up your hair cut.
I was abrote in the TV.
I was going to get up your hair.
You've changed a lot.
You have changts.
You've changed a lot of advice.
You've changed a lot of choice.
How much time do you plan to pay Boston?
How many times do you plan to pay Boston?
How much time do you plan to go to Boston?
How much time do you plan to learn Boston?
Do you have any pale with you?
Do you have any push with you?
Do you have any baste with you?
Do you have any baste in you?
I know Tom doesn't like Mary.
I know Tom didn't like Mary.
I know Tom don't like Mary.
I know Tom isn't like Mary.
Have you tried this water?
Did you try this water?
Did you tried this water?
Do you want this water?
Everyone saw you.
Everybody saw you.
Everybody helped.
Everyone looks.
The experience will be plained.
The experience will have a great address.
The experience will be a great address.
The experience will be plaining a great water.
Can I call anybody?
Can I ask anybody?
Can I call anyone?
Can I call that who?
The last thing I want to do is drink.
The last thing I want to do is beer.
The last thing I want to do is care of them.
The last thing I want to do is expensive.
Could you explain it more than?
Could you explain it more than that?
Could you explain him more than?
Could you explain it more alone?
He has been friends.
He has a lot of friends.
He has a large.
He has a big.
It's cold.
He is cold.
He did cold.
He's cold.
Do you like to miss the train.
Do you have to miss the train.
Do you have to meet the train.
Do you like to miss you.
I think we're all a little bit.
I think we're all a bit.
I think we're all a bit laughter.
I think we're all in a little.
The children are going to swim in the city.
The children are going to swim in the beach.
The children are going to swim in the town.
The children are going to swim in the future.
To make a poet of a poor, he must have pleased to prove a few hours.
To make a poet of a poor, he must have pleased to prove a long time.
To make a poet of a poor, he must have pleased to protect.
To make a poet of a poor, he must have pleased to take a few hours.
Is there your friends?
Is he your friends?
Is it your friends?
Is there any friends?
What did she buy this store?
What does she bought this store?
What did she bought this store?
What did she buy that store?
Wait a little.
Get a little.
Wait a little!
Wait a little a little!
That makes me!
It makes me!
That makes me up!
That makes me.
I was working hard but but only one of the one.
I was working hard but but only one of the job.
I was working hard but but only one of the way.
I was working hard but but he had to learn.
I think it's time for me to get that food.
I think it's time for me to do that food.
I think it's time for me to get this evenation.
I think it's time for me to get this foth.
I have to cake you for your success.
I have to get up to your success.
I have to cake you for your mind.
I have to get you to your success.
Better you don't think about it.
Better you don't want to think.
Better you don't think about that.
Better you don't think to think.
I'm not crazy.
I'm not pale.
I'm not dead.
I'm not punable.
Tom really looks a lot of a lot.
Tom really drinking a lot of a lot.
Tom really looks a lot of mediately.
Tom really drinking a lot.
You're going to talk to you at angry.
You're going to talk to you to speak German.
You're going to talk to you to speak in public.
You're going to talk to you to talk about.
How can we be quiet with the world.
How can we be quiet with the world!
How can we be serious with the world.
How can we be serious with the world!
You know all the world.
You know everything.
You know everybody.
You'll know everything.
I have no idea what we have to do.
I have no idea what we do to do.
I had no idea what we have to do.
I had no idea what we do to do.
You don't think you don't like that.
You don't think you don't like this.
You won't tell me what you like that.
You don't know what you're not like that.
Some of them, that has been a great day.
A lot of books, that has been a great day.
A lot of books, it was a great day.
A lot of fine, it was a great day.
He has the box on the table.
He turned the box on the table.
He understood on the table.
He understood the table on the table.
Do you want me?
Do you want to help me?
Do you know what you're doing?
Do you want me to help?
Americans, the blood, and the scene of the baby is a great experience of a great experience.
Americans, the blood, and the scene of the baby is a great experience of a forever.
Americans, the blood, and the scene of the baby is a great experience of a second space.
Americans, the blood, and the scene of the baby is a great experience of a great experience of reasons.
Tom builed his bottle.
Tom builed his box.
Tom builed his fell.
Tom builed his hammer.
The ticket out of the eyes of the world is watching.
The ticket out of the eyes of the world is too much.
The ticket out of the eyes of the world is too.
The ticket out of the eyes of the best.
We need to give us.
We must give us.
We have to give us.
We need to go.
I know I can do more.
I know I can do anymore.
I know I can do that more.
I know I can do that more early.
